<?xml version="1.0" encoding="UTF-8"?>
<testng-results ignored="0" total="2" passed="2" failed="0" skipped="0">
  <reporter-output>
  </reporter-output>
  <suite started-at="2024-02-01T18:31:30 IST" name="Suite" finished-at="2024-02-01T18:31:41 IST" duration-ms="10246">
    <groups>
      <group name="cucumber">
        <method signature="AbstractTestNGCucumberTests.runScenario(io.cucumber.testng.PickleWrapper,io.cucumber.testng.FeatureWrapper)[pri:0, instance:runner.LoginRunner@5032714f]" name="runScenario" class="io.cucumber.testng.AbstractTestNGCucumberTests"/>
        <method signature="AbstractTestNGCucumberTests.runScenario(io.cucumber.testng.PickleWrapper,io.cucumber.testng.FeatureWrapper)[pri:0, instance:runner.LoginRunner@72bc6553]" name="runScenario" class="io.cucumber.testng.AbstractTestNGCucumberTests"/>
      </group> <!-- cucumber -->
    </groups>
    <test started-at="2024-02-01T18:31:30 IST" name="Test1" finished-at="2024-02-01T18:31:40 IST" duration-ms="10104">
      <class name="runner.LoginRunner">
        <test-method is-config="true" signature="setUpClass(org.testng.ITestContext)[pri:0, instance:runner.LoginRunner@5032714f]" started-at="2024-02-01T18:31:30 IST" name="setUpClass" finished-at="2024-02-01T18:31:31 IST" duration-ms="607" status="PASS">
          <params>
            <param index="0">
              <value>
                <![CDATA[org.testng.TestRunner@7dc3712]]>
              </value>
            </param>
          </params>
          <reporter-output>
          </reporter-output>
        </test-method> <!-- setUpClass -->
        <test-method is-config="true" signature="preCondition()[pri:0, instance:runner.LoginRunner@5032714f]" started-at="2024-02-01T18:31:31 IST" name="preCondition" finished-at="2024-02-01T18:31:38 IST" duration-ms="6743" status="PASS">
          <reporter-output>
          </reporter-output>
        </test-method> <!-- preCondition -->
        <test-method signature="runScenario(io.cucumber.testng.PickleWrapper,io.cucumber.testng.FeatureWrapper)[pri:0, instance:runner.LoginRunner@5032714f]" started-at="2024-02-01T18:31:38 IST" name="runScenario" description="Runs Cucumber Scenarios" data-provider="scenarios" finished-at="2024-02-01T18:31:39 IST" duration-ms="845" status="PASS">
          <params>
            <param index="0">
              <value>
                <![CDATA["Login testcase with positive crendetials"]]>
              </value>
            </param>
            <param index="1">
              <value>
                <![CDATA["Login funtionality"]]>
              </value>
            </param>
          </params>
          <reporter-output>
          </reporter-output>
        </test-method> <!-- runScenario -->
        <test-method is-config="true" signature="postCondition()[pri:0, instance:runner.LoginRunner@5032714f]" started-at="2024-02-01T18:31:39 IST" name="postCondition" finished-at="2024-02-01T18:31:39 IST" duration-ms="282" status="PASS">
          <reporter-output>
          </reporter-output>
        </test-method> <!-- postCondition -->
        <test-method is-config="true" signature="tearDownClass()[pri:0, instance:runner.LoginRunner@5032714f]" started-at="2024-02-01T18:31:39 IST" name="tearDownClass" finished-at="2024-02-01T18:31:40 IST" duration-ms="1571" status="PASS">
          <reporter-output>
          </reporter-output>
        </test-method> <!-- tearDownClass -->
      </class> <!-- runner.LoginRunner -->
    </test> <!-- Test1 -->
    <test started-at="2024-02-01T18:31:30 IST" name="Test2" finished-at="2024-02-01T18:31:41 IST" duration-ms="10246">
      <class name="runner.LoginRunner">
        <test-method is-config="true" signature="setUpClass(org.testng.ITestContext)[pri:0, instance:runner.LoginRunner@72bc6553]" started-at="2024-02-01T18:31:30 IST" name="setUpClass" finished-at="2024-02-01T18:31:31 IST" duration-ms="607" status="PASS">
          <params>
            <param index="0">
              <value>
                <![CDATA[org.testng.TestRunner@2f67a4d3]]>
              </value>
            </param>
          </params>
          <reporter-output>
          </reporter-output>
        </test-method> <!-- setUpClass -->
        <test-method is-config="true" signature="preCondition()[pri:0, instance:runner.LoginRunner@72bc6553]" started-at="2024-02-01T18:31:31 IST" name="preCondition" finished-at="2024-02-01T18:31:38 IST" duration-ms="6656" status="PASS">
          <reporter-output>
          </reporter-output>
        </test-method> <!-- preCondition -->
        <test-method signature="runScenario(io.cucumber.testng.PickleWrapper,io.cucumber.testng.FeatureWrapper)[pri:0, instance:runner.LoginRunner@72bc6553]" started-at="2024-02-01T18:31:38 IST" name="runScenario" description="Runs Cucumber Scenarios" data-provider="scenarios" finished-at="2024-02-01T18:31:39 IST" duration-ms="952" status="PASS">
          <params>
            <param index="0">
              <value>
                <![CDATA["Login testcase with positive crendetials"]]>
              </value>
            </param>
            <param index="1">
              <value>
                <![CDATA["Login funtionality"]]>
              </value>
            </param>
          </params>
          <reporter-output>
          </reporter-output>
        </test-method> <!-- runScenario -->
        <test-method is-config="true" signature="postCondition()[pri:0, instance:runner.LoginRunner@72bc6553]" started-at="2024-02-01T18:31:39 IST" name="postCondition" finished-at="2024-02-01T18:31:39 IST" duration-ms="287" status="PASS">
          <reporter-output>
          </reporter-output>
        </test-method> <!-- postCondition -->
        <test-method is-config="true" signature="tearDownClass()[pri:0, instance:runner.LoginRunner@72bc6553]" started-at="2024-02-01T18:31:39 IST" name="tearDownClass" finished-at="2024-02-01T18:31:41 IST" duration-ms="1701" status="PASS">
          <reporter-output>
          </reporter-output>
        </test-method> <!-- tearDownClass -->
      </class> <!-- runner.LoginRunner -->
    </test> <!-- Test2 -->
  </suite> <!-- Suite -->
</testng-results>
